Using pre-set license
Built from '2020.3/staging' branch; Version is '2020.3.3f1 (76626098c1c4) revision 7758432'; Using compiler version '192528614'; Build Type 'Release'
OS: 'Windows 10 Home Single Language; OS build 19043.1202; Version 2009; 64bit' Language: 'en' Physical Memory: 6071 MB
BatchMode: 1, IsHumanControllingUs: 0, StartBugReporterOnCrash: 0, Is64bit: 1, IsPro: 0

 COMMAND LINE ARGUMENTS:
C:\Program Files\Unity\Hub\Editor\2020.3.3f1\Editor\Unity.exe
-adb2
-batchMode
-noUpm
-name
AssetImportWorker0
-projectPath
C:/Users/exbee/Project
-logFile
Logs/AssetImportWorker0.log
-srvPort
49807
Successfully changed project path to: C:/Users/exbee/Project
C:/Users/exbee/Project
Using Asset Import Pipeline V2.
Refreshing native plugins compatible for Editor in 150.34 ms, found 1 plugins.
Preloading 0 native plugins for Editor in 0.00 ms.
Initialize engine version: 2020.3.3f1 (76626098c1c4)
[Subsystems] Discovering subsystems at path C:/Program Files/Unity/Hub/Editor/2020.3.3f1/Editor/Data/Resources/UnitySubsystems
[Subsystems] Discovering subsystems at path C:/Users/exbee/Project/Assets
GfxDevice: creating device client; threaded=0
Direct3D:
    Version:  Direct3D 11.0 [level 11.1]
    Renderer: AMD Radeon(TM) Vega 8 Graphics (ID=0x15d8)
    Vendor:   
    VRAM:     3035 MB
    Driver:   27.20.1026.1
Shader 'Universal Render Pipeline/Particles/Lit': fallback shader 'Universal Render Pipeline/Particles/SimpleLit' not found
Initialize mono
Mono path[0] = 'C:/Program Files/Unity/Hub/Editor/2020.3.3f1/Editor/Data/Managed'
Mono path[1] = 'C:/Program Files/Unity/Hub/Editor/2020.3.3f1/Editor/Data/MonoBleedingEdge/lib/mono/unityjit'
Mono config path = 'C:/Program Files/Unity/Hub/Editor/2020.3.3f1/Editor/Data/MonoBleedingEdge/etc'
Using monoOptions --debugger-agent=transport=dt_socket,embedding=1,server=y,suspend=n,address=127.0.0.1:56752
Begin MonoManager ReloadAssembly
Registering precompiled unity dll's ...
Register platform support module: C:/Program Files/Unity/Hub/Editor/2020.3.3f1/Editor/Data/PlaybackEngines/WindowsStandaloneSupport/UnityEditor.WindowsStandalone.Extensions.dll
Registered in 0.002569 seconds.
Native extension for WindowsStandalone target not found
Refreshing native plugins compatible for Editor in 403.73 ms, found 1 plugins.
Preloading 0 native plugins for Editor in 0.00 ms.
Invoked RoslynAnalysisRunner static constructor.
RoslynAnalysisRunner will not be running.
RoslynAnalysisRunner has terminated.
Mono: successfully reloaded assembly
- Completed reload, in  5.686 seconds
Platform modules already initialized, skipping
Registering precompiled user dll's ...
Registered in 0.004170 seconds.
Begin MonoManager ReloadAssembly
Native extension for WindowsStandalone target not found
Refreshing native plugins compatible for Editor in 143.78 ms, found 1 plugins.
Preloading 0 native plugins for Editor in 0.00 ms.
Invoked RoslynAnalysisRunner static constructor.
RoslynAnalysisRunner will not be running.
RoslynAnalysisRunner has terminated.
Mono: successfully reloaded assembly
- Completed reload, in  4.144 seconds
Platform modules already initialized, skipping
========================================================================
Worker process is ready to serve import requests
Shader 'Universal Render Pipeline/Particles/Lit': fallback shader 'Universal Render Pipeline/Particles/SimpleLit' not found
Launched and connected shader compiler UnityShaderCompiler.exe after 0.09 seconds
Refreshing native plugins compatible for Editor in 1.14 ms, found 1 plugins.
Preloading 0 native plugins for Editor in 0.00 ms.
Unloading 3232 Unused Serialized files (Serialized files now loaded: 0)
System memory in use before: 154.2 MB.
System memory in use after: 154.4 MB.

Unloading 23 unused Assets to reduce memory usage. Loaded Objects now: 3697.
Total: 8.511000 ms (FindLiveObjects: 0.888700 ms CreateObjectMapping: 0.359500 ms MarkObjects: 6.957000 ms  DeleteObjects: 0.300500 ms)

========================================================================
Received Import Request.
  path: Assets/Scenes/MainMenu.unity
  artifactKey: Guid(0eefce36d335dc34682c149aa4e2f002) Importer(815301076,1909f56bfc062723c751e8b465ee728b)
Start importing Assets/Scenes/MainMenu.unity using Guid(0eefce36d335dc34682c149aa4e2f002) Importer(815301076,1909f56bfc062723c751e8b465ee728b)  -> (artifact id: '957c7b47dcef2c32853b25a79dedc86d') in 0.045560 seconds
  Import took 0.054070 seconds .

========================================================================
Received Import Request.
  Time since last request: 40.545992 seconds.
  path: Assets/Sprite/Character/Main Char/mainchar.psd
  artifactKey: Guid(2f28b45da8d480a40a0a08452d57fb29) Importer(815301076,1909f56bfc062723c751e8b465ee728b)
Start importing Assets/Sprite/Character/Main Char/mainchar.psd using Guid(2f28b45da8d480a40a0a08452d57fb29) Importer(815301076,1909f56bfc062723c751e8b465ee728b)  -> (artifact id: 'eadaab72ff41e0349a5d09046ddecec8') in 0.498104 seconds
  Import took 0.516129 seconds .

========================================================================
Received Import Request.
  Time since last request: 22.549314 seconds.
  path: Assets/Sprite/Tilemap/land.psd
  artifactKey: Guid(429bb354d149fbc458bb470281dff2d7) Importer(815301076,1909f56bfc062723c751e8b465ee728b)
Start importing Assets/Sprite/Tilemap/land.psd using Guid(429bb354d149fbc458bb470281dff2d7) Importer(815301076,1909f56bfc062723c751e8b465ee728b)  -> (artifact id: '2305f94fbdb98240093a5b6369af07ef') in 0.210078 seconds
  Import took 0.227810 seconds .

========================================================================
Received Import Request.
  Time since last request: 13.259341 seconds.
  path: Assets/Sprite/Tilemap/Paralax.psd
  artifactKey: Guid(a3c3c53d0c7d37f438afe2d506da120c) Importer(815301076,1909f56bfc062723c751e8b465ee728b)
Start importing Assets/Sprite/Tilemap/Paralax.psd using Guid(a3c3c53d0c7d37f438afe2d506da120c) Importer(815301076,1909f56bfc062723c751e8b465ee728b)  -> (artifact id: 'c0495e5ca11b296b786db074c4c21901') in 0.050104 seconds
  Import took 0.062619 seconds .

========================================================================
Received Import Request.
  Time since last request: 0.111423 seconds.
  path: Assets/Script/Ending/Scene1.psd
  artifactKey: Guid(f19359599f9d35c468bfd1dc0a37e7b1) Importer(815301076,1909f56bfc062723c751e8b465ee728b)
Start importing Assets/Script/Ending/Scene1.psd using Guid(f19359599f9d35c468bfd1dc0a37e7b1) Importer(815301076,1909f56bfc062723c751e8b465ee728b)  -> (artifact id: '3e7aaebd84dbd3e60dfc66a7e30dcacf') in 0.096286 seconds
  Import took 0.110921 seconds .

========================================================================
Received Import Request.
  Time since last request: 0.000355 seconds.
  path: Assets/Script/Ending/Scene2.psd
  artifactKey: Guid(4d06e448372499f43bf75eed68c8ccd9) Importer(815301076,1909f56bfc062723c751e8b465ee728b)
Start importing Assets/Script/Ending/Scene2.psd using Guid(4d06e448372499f43bf75eed68c8ccd9) Importer(815301076,1909f56bfc062723c751e8b465ee728b)  -> (artifact id: '246f270fbedf7572bcd371957ef6daf2') in 0.063364 seconds
  Import took 0.075303 seconds .

========================================================================
Received Import Request.
  Time since last request: 0.000989 seconds.
  path: Assets/Script/Ending/Scene6.psd
  artifactKey: Guid(526e4647233d88743830f19f1d7a31d6) Importer(815301076,1909f56bfc062723c751e8b465ee728b)
Start importing Assets/Script/Ending/Scene6.psd using Guid(526e4647233d88743830f19f1d7a31d6) Importer(815301076,1909f56bfc062723c751e8b465ee728b)  -> (artifact id: '2351ebf44c8c0f6d91947e4d1604c38e') in 0.340175 seconds
  Import took 0.353353 seconds .

========================================================================
Received Import Request.
  Time since last request: 0.000559 seconds.
  path: Assets/Script/Ending/Scene1.psd
  artifactKey: Guid(f19359599f9d35c468bfd1dc0a37e7b1) Importer(815301076,1909f56bfc062723c751e8b465ee728b)
Start importing Assets/Script/Ending/Scene1.psd using Guid(f19359599f9d35c468bfd1dc0a37e7b1) Importer(815301076,1909f56bfc062723c751e8b465ee728b)  -> (artifact id: '3e7aaebd84dbd3e60dfc66a7e30dcacf') in 0.038169 seconds
  Import took 0.051842 seconds .

========================================================================
Received Import Request.
  Time since last request: 0.000446 seconds.
  path: Assets/Script/Ending/Scene7.psd
  artifactKey: Guid(52212f9d76366024cbe7def97e01de0e) Importer(815301076,1909f56bfc062723c751e8b465ee728b)
Start importing Assets/Script/Ending/Scene7.psd using Guid(52212f9d76366024cbe7def97e01de0e) Importer(815301076,1909f56bfc062723c751e8b465ee728b)  -> (artifact id: '6b987b26e8198ab3d0b8da0e5a5a150a') in 0.055514 seconds
  Import took 0.068096 seconds .

========================================================================
Received Import Request.
  Time since last request: 0.000463 seconds.
  path: Assets/Script/Ending/Scene2.psd
  artifactKey: Guid(4d06e448372499f43bf75eed68c8ccd9) Importer(815301076,1909f56bfc062723c751e8b465ee728b)
Start importing Assets/Script/Ending/Scene2.psd using Guid(4d06e448372499f43bf75eed68c8ccd9) Importer(815301076,1909f56bfc062723c751e8b465ee728b)  -> (artifact id: '246f270fbedf7572bcd371957ef6daf2') in 0.030367 seconds
  Import took 0.043493 seconds .

========================================================================
Received Import Request.
  Time since last request: 0.000398 seconds.
  path: Assets/Script/Ending/Scene5.psd
  artifactKey: Guid(47ca38787f0c6654f8a7d5508f586dcb) Importer(815301076,1909f56bfc062723c751e8b465ee728b)
Start importing Assets/Script/Ending/Scene5.psd using Guid(47ca38787f0c6654f8a7d5508f586dcb) Importer(815301076,1909f56bfc062723c751e8b465ee728b)  -> (artifact id: 'f81ec3ce1009ead1e3ed94af9213b3cf') in 0.048329 seconds
  Import took 0.060230 seconds .

========================================================================
Received Import Request.
  Time since last request: 0.000531 seconds.
  path: Assets/Script/Ending/Scene4.psd
  artifactKey: Guid(473f8c658134f2248ba42bd06d70f945) Importer(815301076,1909f56bfc062723c751e8b465ee728b)
Start importing Assets/Script/Ending/Scene4.psd using Guid(473f8c658134f2248ba42bd06d70f945) Importer(815301076,1909f56bfc062723c751e8b465ee728b)  -> (artifact id: '441053786c3bf68ac8e907762529fefc') in 0.087486 seconds
  Import took 0.100023 seconds .

========================================================================
Received Import Request.
  Time since last request: 0.000896 seconds.
  path: Assets/Script/Ending/Scene10.psd
  artifactKey: Guid(0e21f6201360eb14d9712c58e76b1b49) Importer(815301076,1909f56bfc062723c751e8b465ee728b)
Start importing Assets/Script/Ending/Scene10.psd using Guid(0e21f6201360eb14d9712c58e76b1b49) Importer(815301076,1909f56bfc062723c751e8b465ee728b)  -> (artifact id: '93038a8ca15c47cc1c77d7b4463eb20a') in 0.397290 seconds
  Import took 0.409515 seconds .

========================================================================
Received Import Request.
  Time since last request: 0.000468 seconds.
  path: Assets/Script/Ending/Scene11.psd
  artifactKey: Guid(0a74169af8e1d964bac9ec2a534fe4c0) Importer(815301076,1909f56bfc062723c751e8b465ee728b)
Start importing Assets/Script/Ending/Scene11.psd using Guid(0a74169af8e1d964bac9ec2a534fe4c0) Importer(815301076,1909f56bfc062723c751e8b465ee728b)  -> (artifact id: 'dc60c7e85245619beb26fb87d44faefd') in 0.071979 seconds
  Import took 0.085417 seconds .

========================================================================
Received Import Request.
  Time since last request: 0.000591 seconds.
  path: Assets/Script/Ending/Scene9.psd
  artifactKey: Guid(fbd35920a61fbce4dafe13c8cab4d166) Importer(815301076,1909f56bfc062723c751e8b465ee728b)
Start importing Assets/Script/Ending/Scene9.psd using Guid(fbd35920a61fbce4dafe13c8cab4d166) Importer(815301076,1909f56bfc062723c751e8b465ee728b)  -> (artifact id: 'd4ef2476313e84975425351ebf317bbd') in 0.056552 seconds
  Import took 0.069358 seconds .

========================================================================
Received Import Request.
  Time since last request: 0.000374 seconds.
  path: Assets/Script/Ending/Scene8.psd
  artifactKey: Guid(4f9435f8466af5a4299710bc14e5bd30) Importer(815301076,1909f56bfc062723c751e8b465ee728b)
Start importing Assets/Script/Ending/Scene8.psd using Guid(4f9435f8466af5a4299710bc14e5bd30) Importer(815301076,1909f56bfc062723c751e8b465ee728b)  -> (artifact id: '900a6c182d579b20baca51055cf27af1') in 0.055713 seconds
  Import took 0.066989 seconds .

========================================================================
Received Import Request.
  Time since last request: 0.000626 seconds.
  path: Assets/Script/Ending/Scene5.psd
  artifactKey: Guid(47ca38787f0c6654f8a7d5508f586dcb) Importer(815301076,1909f56bfc062723c751e8b465ee728b)
Start importing Assets/Script/Ending/Scene5.psd using Guid(47ca38787f0c6654f8a7d5508f586dcb) Importer(815301076,1909f56bfc062723c751e8b465ee728b)  -> (artifact id: 'f81ec3ce1009ead1e3ed94af9213b3cf') in 0.030100 seconds
  Import took 0.047330 seconds .

========================================================================
Received Import Request.
  Time since last request: 0.000512 seconds.
  path: Assets/Script/Ending/Scene3.psd
  artifactKey: Guid(6fb8e9b85911c2d4a8a448f19ea1be51) Importer(815301076,1909f56bfc062723c751e8b465ee728b)
Start importing Assets/Script/Ending/Scene3.psd using Guid(6fb8e9b85911c2d4a8a448f19ea1be51) Importer(815301076,1909f56bfc062723c751e8b465ee728b)  -> (artifact id: 'd8d0853db922b4adc94f3abd91d03d3d') in 0.326200 seconds
  Import took 0.339081 seconds .

========================================================================
Received Prepare
Registering precompiled user dll's ...
Registered in 0.005558 seconds.
Begin MonoManager ReloadAssembly
Native extension for WindowsStandalone target not found
Refreshing native plugins compatible for Editor in 3.00 ms, found 1 plugins.
Preloading 0 native plugins for Editor in 0.00 ms.
Invoked RoslynAnalysisRunner static constructor.
RoslynAnalysisRunner will not be running.
RoslynAnalysisRunner has terminated.
Mono: successfully reloaded assembly
- Completed reload, in  3.614 seconds
Platform modules already initialized, skipping
Switching build target platform(5) subTarget(0) extendedPlatform(0) -> platform(13) subTarget(537395200) extendedPlatform(0)
Shader 'Universal Render Pipeline/Particles/Lit': fallback shader 'Universal Render Pipeline/Particles/SimpleLit' not found
Refreshing native plugins compatible for Editor in 0.91 ms, found 1 plugins.
Preloading 0 native plugins for Editor in 0.00 ms.
Unloading 3106 Unused Serialized files (Serialized files now loaded: 0)
System memory in use before: 148.1 MB.
System memory in use after: 148.3 MB.

Unloading 12 unused Assets to reduce memory usage. Loaded Objects now: 3718.
Total: 5.283900 ms (FindLiveObjects: 0.570200 ms CreateObjectMapping: 0.192400 ms MarkObjects: 4.461800 ms  DeleteObjects: 0.051400 ms)

AssetImportParameters requested are different than current active one (requested -> active):
  custom:graphics/normal-map-encoding: 01000000000000000000000000000000 -> 02000000000000000000000000000000
========================================================================
Received Import Request.
  Time since last request: 164.888494 seconds.
  path: Assets/Script/Scriptable Object/MainMenuControlScript.cs
  artifactKey: Guid(9f2a2f29793cf884ea4fa78b990cfaa0) Importer(815301076,1909f56bfc062723c751e8b465ee728b)
Start importing Assets/Script/Scriptable Object/MainMenuControlScript.cs using Guid(9f2a2f29793cf884ea4fa78b990cfaa0) Importer(815301076,1909f56bfc062723c751e8b465ee728b)  -> (artifact id: 'e79c620bfc6373e49573d0a5f5ceef18') in 0.043799 seconds
  Import took 0.054315 seconds .

========================================================================
Received Prepare
Registering precompiled user dll's ...
Registered in 0.013989 seconds.
Begin MonoManager ReloadAssembly
Native extension for WindowsStandalone target not found
Refreshing native plugins compatible for Editor in 1.72 ms, found 1 plugins.
Preloading 0 native plugins for Editor in 0.00 ms.
Invoked RoslynAnalysisRunner static constructor.
RoslynAnalysisRunner will not be running.
RoslynAnalysisRunner has terminated.
Mono: successfully reloaded assembly
- Completed reload, in  8.588 seconds
Platform modules already initialized, skipping
Switching build target platform(5) subTarget(0) extendedPlatform(0) -> platform(13) subTarget(537395200) extendedPlatform(0)
Shader 'Universal Render Pipeline/Particles/Lit': fallback shader 'Universal Render Pipeline/Particles/SimpleLit' not found
Refreshing native plugins compatible for Editor in 2.44 ms, found 1 plugins.
Preloading 0 native plugins for Editor in 0.00 ms.
Unloading 3107 Unused Serialized files (Serialized files now loaded: 0)
System memory in use before: 148.2 MB.
System memory in use after: 148.4 MB.

Unloading 12 unused Assets to reduce memory usage. Loaded Objects now: 3722.
Total: 9.953400 ms (FindLiveObjects: 1.330900 ms CreateObjectMapping: 0.881600 ms MarkObjects: 7.686400 ms  DeleteObjects: 0.050800 ms)

AssetImportParameters requested are different than current active one (requested -> active):
  custom:graphics/normal-map-encoding: 01000000000000000000000000000000 -> 02000000000000000000000000000000
========================================================================
Received Prepare
Registering precompiled user dll's ...
Registered in 0.094723 seconds.
Begin MonoManager ReloadAssembly
Native extension for WindowsStandalone target not found
Refreshing native plugins compatible for Editor in 1.54 ms, found 1 plugins.
Preloading 0 native plugins for Editor in 0.00 ms.
Invoked RoslynAnalysisRunner static constructor.
RoslynAnalysisRunner will not be running.
RoslynAnalysisRunner has terminated.
Mono: successfully reloaded assembly
- Completed reload, in  3.721 seconds
Platform modules already initialized, skipping
Switching build target platform(5) subTarget(0) extendedPlatform(0) -> platform(13) subTarget(537395200) extendedPlatform(0)
Shader 'Universal Render Pipeline/Particles/Lit': fallback shader 'Universal Render Pipeline/Particles/SimpleLit' not found
Refreshing native plugins compatible for Editor in 1.54 ms, found 1 plugins.
Preloading 0 native plugins for Editor in 0.00 ms.
Unloading 3107 Unused Serialized files (Serialized files now loaded: 0)
System memory in use before: 148.2 MB.
System memory in use after: 148.5 MB.

Unloading 12 unused Assets to reduce memory usage. Loaded Objects now: 3725.
Total: 7.318900 ms (FindLiveObjects: 1.057000 ms CreateObjectMapping: 0.536500 ms MarkObjects: 5.671800 ms  DeleteObjects: 0.050600 ms)

AssetImportParameters requested are different than current active one (requested -> active):
  custom:graphics/normal-map-encoding: 01000000000000000000000000000000 -> 02000000000000000000000000000000
========================================================================
Received Import Request.
  Time since last request: 670.583015 seconds.
  path: Assets/Script/Scriptable Object/MainMenuControlScript.cs
  artifactKey: Guid(9f2a2f29793cf884ea4fa78b990cfaa0) Importer(815301076,1909f56bfc062723c751e8b465ee728b)
Start importing Assets/Script/Scriptable Object/MainMenuControlScript.cs using Guid(9f2a2f29793cf884ea4fa78b990cfaa0) Importer(815301076,1909f56bfc062723c751e8b465ee728b)  -> (artifact id: '99153bacef0637f2d24099a20b3346aa') in 0.024109 seconds
  Import took 0.034125 seconds .

========================================================================
Received Prepare
Registering precompiled user dll's ...
Registered in 0.010487 seconds.
Begin MonoManager ReloadAssembly
Native extension for WindowsStandalone target not found
Refreshing native plugins compatible for Editor in 1.39 ms, found 1 plugins.
Preloading 0 native plugins for Editor in 0.00 ms.
Invoked RoslynAnalysisRunner static constructor.
RoslynAnalysisRunner will not be running.
RoslynAnalysisRunner has terminated.
Mono: successfully reloaded assembly
- Completed reload, in  3.195 seconds
Platform modules already initialized, skipping
Switching build target platform(5) subTarget(0) extendedPlatform(0) -> platform(13) subTarget(537395200) extendedPlatform(0)
Shader 'Universal Render Pipeline/Particles/Lit': fallback shader 'Universal Render Pipeline/Particles/SimpleLit' not found
Refreshing native plugins compatible for Editor in 1.10 ms, found 1 plugins.
Preloading 0 native plugins for Editor in 0.00 ms.
Unloading 3107 Unused Serialized files (Serialized files now loaded: 0)
System memory in use before: 148.3 MB.
System memory in use after: 148.5 MB.

Unloading 12 unused Assets to reduce memory usage. Loaded Objects now: 3728.
Total: 139.354500 ms (FindLiveObjects: 0.619800 ms CreateObjectMapping: 0.492000 ms MarkObjects: 138.186200 ms  DeleteObjects: 0.052800 ms)

AssetImportParameters requested are different than current active one (requested -> active):
  custom:graphics/normal-map-encoding: 01000000000000000000000000000000 -> 02000000000000000000000000000000
========================================================================
Received Import Request.
  Time since last request: 1075.251890 seconds.
  path: Assets/Script/Game Manager/LevelComplete.cs
  artifactKey: Guid(2d758e202e2f3a24e90a428451d63035) Importer(815301076,1909f56bfc062723c751e8b465ee728b)
Start importing Assets/Script/Game Manager/LevelComplete.cs using Guid(2d758e202e2f3a24e90a428451d63035) Importer(815301076,1909f56bfc062723c751e8b465ee728b)  -> (artifact id: '2e947ea68bee1499c3dfd537208a0486') in 0.034658 seconds
  Import took 0.053609 seconds .

========================================================================
Received Import Request.
  Time since last request: 41.778631 seconds.
  path: Assets/Script/Game Manager/LevelControler.cs
  artifactKey: Guid(52125624b7600224884fcd2f1925d5f8) Importer(815301076,1909f56bfc062723c751e8b465ee728b)
Start importing Assets/Script/Game Manager/LevelControler.cs using Guid(52125624b7600224884fcd2f1925d5f8) Importer(815301076,1909f56bfc062723c751e8b465ee728b)  -> (artifact id: '28e4fb1b25af7e038652ce5dc5912c14') in 0.034043 seconds
  Import took 0.062913 seconds .

========================================================================
Received Prepare
Registering precompiled user dll's ...
Registered in 0.010259 seconds.
Begin MonoManager ReloadAssembly
Native extension for WindowsStandalone target not found
Refreshing native plugins compatible for Editor in 2.48 ms, found 1 plugins.
Preloading 0 native plugins for Editor in 0.00 ms.
Invoked RoslynAnalysisRunner static constructor.
RoslynAnalysisRunner will not be running.
RoslynAnalysisRunner has terminated.
Mono: successfully reloaded assembly
- Completed reload, in  6.359 seconds
Platform modules already initialized, skipping
Switching build target platform(5) subTarget(0) extendedPlatform(0) -> platform(13) subTarget(537395200) extendedPlatform(0)
Shader 'Universal Render Pipeline/Particles/Lit': fallback shader 'Universal Render Pipeline/Particles/SimpleLit' not found
Refreshing native plugins compatible for Editor in 2.03 ms, found 1 plugins.
Preloading 0 native plugins for Editor in 0.00 ms.
Unloading 3108 Unused Serialized files (Serialized files now loaded: 0)
System memory in use before: 148.3 MB.
System memory in use after: 148.5 MB.

Unloading 12 unused Assets to reduce memory usage. Loaded Objects now: 3732.
Total: 8.738800 ms (FindLiveObjects: 0.999400 ms CreateObjectMapping: 0.474000 ms MarkObjects: 7.211500 ms  DeleteObjects: 0.051200 ms)

AssetImportParameters requested are different than current active one (requested -> active):
  custom:graphics/normal-map-encoding: 01000000000000000000000000000000 -> 02000000000000000000000000000000
========================================================================
Received Import Request.
  Time since last request: 239.072741 seconds.
  path: Assets/Script/Game Manager/LevelControler.cs
  artifactKey: Guid(52125624b7600224884fcd2f1925d5f8) Importer(815301076,1909f56bfc062723c751e8b465ee728b)
Start importing Assets/Script/Game Manager/LevelControler.cs using Guid(52125624b7600224884fcd2f1925d5f8) Importer(815301076,1909f56bfc062723c751e8b465ee728b)  -> (artifact id: '0357e1f7dc47dc406fdf9ace8dc7ea1a') in 0.018978 seconds
  Import took 0.034671 seconds .

========================================================================
Received Import Request.
  Time since last request: 70.818409 seconds.
  path: Assets/Scenes/1.unity
  artifactKey: Guid(8eae47c9158ae05489036078bbdb6c1f) Importer(815301076,1909f56bfc062723c751e8b465ee728b)
Start importing Assets/Scenes/1.unity using Guid(8eae47c9158ae05489036078bbdb6c1f) Importer(815301076,1909f56bfc062723c751e8b465ee728b)  -> (artifact id: '041775fffe9cc2cbb7891a7c45f11fbe') in 0.035837 seconds
  Import took 0.046150 seconds .

========================================================================
Received Import Request.
  Time since last request: 0.012395 seconds.
  path: Assets/Scenes/1.unity
  artifactKey: Guid(8eae47c9158ae05489036078bbdb6c1f) Importer(815301076,1909f56bfc062723c751e8b465ee728b)
Start importing Assets/Scenes/1.unity using Guid(8eae47c9158ae05489036078bbdb6c1f) Importer(815301076,1909f56bfc062723c751e8b465ee728b)  -> (artifact id: '041775fffe9cc2cbb7891a7c45f11fbe') in 0.010044 seconds
  Import took 0.021004 seconds .

========================================================================
Received Prepare
Registering precompiled user dll's ...
Registered in 0.006086 seconds.
Begin MonoManager ReloadAssembly
Native extension for WindowsStandalone target not found
Refreshing native plugins compatible for Editor in 1.06 ms, found 1 plugins.
Preloading 0 native plugins for Editor in 0.00 ms.
Invoked RoslynAnalysisRunner static constructor.
RoslynAnalysisRunner will not be running.
RoslynAnalysisRunner has terminated.
Mono: successfully reloaded assembly
- Completed reload, in  3.372 seconds
Platform modules already initialized, skipping
Switching build target platform(5) subTarget(0) extendedPlatform(0) -> platform(13) subTarget(537395200) extendedPlatform(0)
Shader 'Universal Render Pipeline/Particles/Lit': fallback shader 'Universal Render Pipeline/Particles/SimpleLit' not found
Refreshing native plugins compatible for Editor in 2.28 ms, found 1 plugins.
Preloading 0 native plugins for Editor in 0.00 ms.
Unloading 3108 Unused Serialized files (Serialized files now loaded: 0)
System memory in use before: 148.3 MB.
System memory in use after: 148.5 MB.

Unloading 12 unused Assets to reduce memory usage. Loaded Objects now: 3735.
Total: 115.369900 ms (FindLiveObjects: 0.767400 ms CreateObjectMapping: 0.577200 ms MarkObjects: 113.979800 ms  DeleteObjects: 0.042900 ms)

AssetImportParameters requested are different than current active one (requested -> active):
  custom:graphics/normal-map-encoding: 01000000000000000000000000000000 -> 02000000000000000000000000000000
========================================================================
Received Import Request.
  Time since last request: 214.230565 seconds.
  path: Assets/Scenes/4.unity
  artifactKey: Guid(a25ddabcb6de6bf4dac215103ad5793a) Importer(815301076,1909f56bfc062723c751e8b465ee728b)
Start importing Assets/Scenes/4.unity using Guid(a25ddabcb6de6bf4dac215103ad5793a) Importer(815301076,1909f56bfc062723c751e8b465ee728b)  -> (artifact id: '77f6e6b7a4ab919d1a327bbc40a44f5f') in 0.056365 seconds
  Import took 0.074336 seconds .

========================================================================
Received Import Request.
  Time since last request: 21.111144 seconds.
  path: Assets/Scenes/7.unity
  artifactKey: Guid(c2d2a6fe50fb9ba4cad4455d8ecfb7a1) Importer(815301076,1909f56bfc062723c751e8b465ee728b)
Start importing Assets/Scenes/7.unity using Guid(c2d2a6fe50fb9ba4cad4455d8ecfb7a1) Importer(815301076,1909f56bfc062723c751e8b465ee728b)  -> (artifact id: '8926baab3cf94219474551d863714b4e') in 0.039212 seconds
  Import took 0.052234 seconds .

========================================================================
Received Import Request.
  Time since last request: 0.034674 seconds.
  path: Assets/Scenes/7.unity
  artifactKey: Guid(c2d2a6fe50fb9ba4cad4455d8ecfb7a1) Importer(815301076,1909f56bfc062723c751e8b465ee728b)
Start importing Assets/Scenes/7.unity using Guid(c2d2a6fe50fb9ba4cad4455d8ecfb7a1) Importer(815301076,1909f56bfc062723c751e8b465ee728b)  -> (artifact id: '8926baab3cf94219474551d863714b4e') in 0.020663 seconds
  Import took 0.036224 seconds .

========================================================================
Received Import Request.
  Time since last request: 19.932060 seconds.
  path: Assets/Scenes/10.unity
  artifactKey: Guid(2d7e044b9c56472479314b93141d5d8b) Importer(815301076,1909f56bfc062723c751e8b465ee728b)
Start importing Assets/Scenes/10.unity using Guid(2d7e044b9c56472479314b93141d5d8b) Importer(815301076,1909f56bfc062723c751e8b465ee728b)  -> (artifact id: 'e2dc2d46e49f2f71056c7fab7d8dd870') in 0.051830 seconds
  Import took 0.083609 seconds .

========================================================================
Received Import Request.
  Time since last request: 7.352665 seconds.
  path: Assets/Scenes/MainMenu.unity
  artifactKey: Guid(0eefce36d335dc34682c149aa4e2f002) Importer(815301076,1909f56bfc062723c751e8b465ee728b)
Start importing Assets/Scenes/MainMenu.unity using Guid(0eefce36d335dc34682c149aa4e2f002) Importer(815301076,1909f56bfc062723c751e8b465ee728b)  -> (artifact id: '4f36b9707b1483dd32c7729a9331b362') in 0.061936 seconds
  Import took 0.338667 seconds .

========================================================================
Received Prepare
Registering precompiled user dll's ...
Registered in 0.009397 seconds.
Begin MonoManager ReloadAssembly
Native extension for WindowsStandalone target not found
Refreshing native plugins compatible for Editor in 9.80 ms, found 1 plugins.
Preloading 0 native plugins for Editor in 0.00 ms.
Invoked RoslynAnalysisRunner static constructor.
RoslynAnalysisRunner will not be running.
RoslynAnalysisRunner has terminated.
Mono: successfully reloaded assembly
- Completed reload, in  6.691 seconds
Platform modules already initialized, skipping
Switching build target platform(5) subTarget(0) extendedPlatform(0) -> platform(13) subTarget(537395200) extendedPlatform(0)
Shader 'Universal Render Pipeline/Particles/Lit': fallback shader 'Universal Render Pipeline/Particles/SimpleLit' not found
Refreshing native plugins compatible for Editor in 2.73 ms, found 1 plugins.
Preloading 0 native plugins for Editor in 0.00 ms.
Unloading 3108 Unused Serialized files (Serialized files now loaded: 0)
System memory in use before: 148.3 MB.
System memory in use after: 148.6 MB.

Unloading 12 unused Assets to reduce memory usage. Loaded Objects now: 3738.
Total: 10.836900 ms (FindLiveObjects: 1.446500 ms CreateObjectMapping: 0.782400 ms MarkObjects: 8.524200 ms  DeleteObjects: 0.078800 ms)

AssetImportParameters requested are different than current active one (requested -> active):
  custom:graphics/normal-map-encoding: 01000000000000000000000000000000 -> 02000000000000000000000000000000
========================================================================
Received Prepare
Registering precompiled user dll's ...
Registered in 0.007509 seconds.
Begin MonoManager ReloadAssembly
Native extension for WindowsStandalone target not found
Refreshing native plugins compatible for Editor in 1.60 ms, found 1 plugins.
Preloading 0 native plugins for Editor in 0.00 ms.
Invoked RoslynAnalysisRunner static constructor.
RoslynAnalysisRunner will not be running.
RoslynAnalysisRunner has terminated.
Mono: successfully reloaded assembly
- Completed reload, in  3.919 seconds
Platform modules already initialized, skipping
Switching build target platform(5) subTarget(0) extendedPlatform(0) -> platform(13) subTarget(537395200) extendedPlatform(0)
Shader 'Universal Render Pipeline/Particles/Lit': fallback shader 'Universal Render Pipeline/Particles/SimpleLit' not found
Refreshing native plugins compatible for Editor in 1.90 ms, found 1 plugins.
Preloading 0 native plugins for Editor in 0.00 ms.
Unloading 3108 Unused Serialized files (Serialized files now loaded: 0)
System memory in use before: 148.3 MB.
System memory in use after: 148.6 MB.

Unloading 12 unused Assets to reduce memory usage. Loaded Objects now: 3741.
Total: 8.655100 ms (FindLiveObjects: 0.813600 ms CreateObjectMapping: 0.787100 ms MarkObjects: 6.999600 ms  DeleteObjects: 0.052400 ms)

AssetImportParameters requested are different than current active one (requested -> active):
  custom:graphics/normal-map-encoding: 01000000000000000000000000000000 -> 02000000000000000000000000000000
========================================================================
Received Import Request.
  Time since last request: 258.576216 seconds.
  path: Assets/Scenes/1.unity
  artifactKey: Guid(8eae47c9158ae05489036078bbdb6c1f) Importer(815301076,1909f56bfc062723c751e8b465ee728b)
Start importing Assets/Scenes/1.unity using Guid(8eae47c9158ae05489036078bbdb6c1f) Importer(815301076,1909f56bfc062723c751e8b465ee728b)  -> (artifact id: 'f7f5e202e4fb35be883ea221cd601774') in 0.055139 seconds
  Import took 0.074824 seconds .

========================================================================
Received Prepare
Registering precompiled user dll's ...
Registered in 0.004659 seconds.
Begin MonoManager ReloadAssembly
Native extension for WindowsStandalone target not found
Refreshing native plugins compatible for Editor in 1.65 ms, found 1 plugins.
Preloading 0 native plugins for Editor in 0.00 ms.
Invoked RoslynAnalysisRunner static constructor.
RoslynAnalysisRunner will not be running.
RoslynAnalysisRunner has terminated.
Mono: successfully reloaded assembly
- Completed reload, in  4.027 seconds
Platform modules already initialized, skipping
Switching build target platform(5) subTarget(0) extendedPlatform(0) -> platform(13) subTarget(537395200) extendedPlatform(0)
Shader 'Universal Render Pipeline/Particles/Lit': fallback shader 'Universal Render Pipeline/Particles/SimpleLit' not found
Refreshing native plugins compatible for Editor in 5.19 ms, found 1 plugins.
Preloading 0 native plugins for Editor in 0.00 ms.
Unloading 3108 Unused Serialized files (Serialized files now loaded: 0)
System memory in use before: 148.4 MB.
System memory in use after: 148.6 MB.

Unloading 12 unused Assets to reduce memory usage. Loaded Objects now: 3744.
Total: 27.197100 ms (FindLiveObjects: 0.976100 ms CreateObjectMapping: 0.460700 ms MarkObjects: 25.709100 ms  DeleteObjects: 0.048300 ms)

AssetImportParameters requested are different than current active one (requested -> active):
  custom:graphics/normal-map-encoding: 01000000000000000000000000000000 -> 02000000000000000000000000000000
========================================================================
Received Prepare
Registering precompiled user dll's ...
Registered in 0.006402 seconds.
Begin MonoManager ReloadAssembly
Native extension for WindowsStandalone target not found
Refreshing native plugins compatible for Editor in 4.13 ms, found 1 plugins.
Preloading 0 native plugins for Editor in 0.00 ms.
Invoked RoslynAnalysisRunner static constructor.
RoslynAnalysisRunner will not be running.
RoslynAnalysisRunner has terminated.
Mono: successfully reloaded assembly
- Completed reload, in  4.597 seconds
Platform modules already initialized, skipping
Switching build target platform(5) subTarget(0) extendedPlatform(0) -> platform(13) subTarget(537395200) extendedPlatform(0)
Shader 'Universal Render Pipeline/Particles/Lit': fallback shader 'Universal Render Pipeline/Particles/SimpleLit' not found
Refreshing native plugins compatible for Editor in 0.86 ms, found 1 plugins.
Preloading 0 native plugins for Editor in 0.00 ms.
Unloading 3108 Unused Serialized files (Serialized files now loaded: 0)
System memory in use before: 148.4 MB.
System memory in use after: 148.6 MB.

Unloading 12 unused Assets to reduce memory usage. Loaded Objects now: 3747.
Total: 27.718100 ms (FindLiveObjects: 1.603300 ms CreateObjectMapping: 5.416200 ms MarkObjects: 20.641600 ms  DeleteObjects: 0.052100 ms)

AssetImportParameters requested are different than current active one (requested -> active):
  custom:graphics/normal-map-encoding: 01000000000000000000000000000000 -> 02000000000000000000000000000000
========================================================================
Received Prepare
Shader 'Universal Render Pipeline/Particles/Lit': fallback shader 'Universal Render Pipeline/Particles/SimpleLit' not found
Refreshing native plugins compatible for Editor in 7.93 ms, found 1 plugins.
Preloading 0 native plugins for Editor in 0.00 ms.
Unloading 9 Unused Serialized files (Serialized files now loaded: 0)
System memory in use before: 87.5 MB.
System memory in use after: 87.7 MB.

Unloading 8 unused Assets to reduce memory usage. Loaded Objects now: 3747.
Total: 17.231600 ms (FindLiveObjects: 1.536600 ms CreateObjectMapping: 0.786200 ms MarkObjects: 14.860700 ms  DeleteObjects: 0.044500 ms)

AssetImportWorkerClient::OnTransportError - code=2 error=End of file
